# JRE version: OpenJDK Runtime Environment (8.0_152-b01) (build 1.8.0_152-release-915-b01)
# Java VM: OpenJDK Server VM (25.152-b01 mixed mode windows-x86 )
Heap:
 def new generation   total 32128K, used 20147K [0x11200000, 0x134d0000, 0x26750000)
  eden space 28608K,  58% used [0x11200000, 0x1223cd40, 0x12df0000)
  from space 3520K, 100% used [0x13160000, 0x134d0000, 0x134d0000)
  to   space 3520K,   0% used [0x12df0000, 0x12df0000, 0x13160000)
 tenured generation   total 71080K, used 60177K [0x26750000, 0x2acba000, 0x51200000)
   the space 71080K,  84% used [0x26750000, 0x2a214490, 0x2a214600, 0x2acba000)
 Metaspace       used 45128K, capacity 46624K, committed 46720K, reserved 47488K
GC Heap History (10 events):
Event: 301.549 GC heap before
{Heap before GC invocations=89 (full 4):
 def new generation   total 32128K, used 30975K [0x11200000, 0x134d0000, 0x26750000)
  eden space 28608K, 100% used [0x11200000, 0x12df0000, 0x12df0000)
  from space 3520K,  67% used [0x12df0000, 0x1303ff40, 0x13160000)
  to   space 3520K,   0% used [0x13160000, 0x13160000, 0x134d0000)
 tenured generation   total 71080K, used 51558K [0x26750000, 0x2acba000, 0x51200000)
   the space 71080K,  72% used [0x26750000, 0x299a9b10, 0x299a9c00, 0x2acba000)
 Metaspace       used 43925K, capacity 45403K, committed 45440K, reserved 45440K
Event: 301.570 GC heap after
Heap after GC invocations=90 (full 4):
 def new generation   total 32128K, used 1346K [0x11200000, 0x134d0000, 0x26750000)
  eden space 28608K,   0% used [0x11200000, 0x11200000, 0x12df0000)
  from space 3520K,  38% used [0x13160000, 0x132b0a38, 0x134d0000)
  to   space 3520K,   0% used [0x12df0000, 0x12df0000, 0x13160000)
 tenured generation   total 71080K, used 53292K [0x26750000, 0x2acba000, 0x51200000)
   the space 71080K,  74% used [0x26750000, 0x29b5b2a0, 0x29b5b400, 0x2acba000)
 Metaspace       used 43925K, capacity 45403K, committed 45440K, reserved 45440K
}
Event: 302.279 GC heap before
{Heap before GC invocations=90 (full 4):
 def new generation   total 32128K, used 29954K [0x11200000, 0x134d0000, 0x26750000)
  eden space 28608K, 100% used [0x11200000, 0x12df0000, 0x12df0000)
  from space 3520K,  38% used [0x13160000, 0x132b0a38, 0x134d0000)
  to   space 3520K,   0% used [0x12df0000, 0x12df0000, 0x13160000)
 tenured generation   total 71080K, used 53292K [0x26750000, 0x2acba000, 0x51200000)
   the space 71080K,  74% used [0x26750000, 0x29b5b2a0, 0x29b5b400, 0x2acba000)
 Metaspace       used 43949K, capacity 45448K, committed 45568K, reserved 46464K
Event: 302.293 GC heap after
Heap after GC invocations=91 (full 4):
 def new generation   total 32128K, used 1927K [0x11200000, 0x134d0000, 0x26750000)
  eden space 28608K,   0% used [0x11200000, 0x11200000, 0x12df0000)
  from space 3520K,  54% used [0x12df0000, 0x12fd1ec0, 0x13160000)
  to   space 3520K,   0% used [0x13160000, 0x13160000, 0x134d0000)
 tenured generation   total 71080K, used 53292K [0x26750000, 0x2acba000, 0x51200000)
   the space 71080K,  74% used [0x26750000, 0x29b5b2a0, 0x29b5b400, 0x2acba000)
 Metaspace       used 43949K, capacity 45448K, committed 45568K, reserved 46464K
}
Event: 306.306 GC heap before
{Heap before GC invocations=91 (full 4):
 def new generation   total 32128K, used 30535K [0x11200000, 0x134d0000, 0x26750000)
  eden space 28608K, 100% used [0x11200000, 0x12df0000, 0x12df0000)
  from space 3520K,  54% used [0x12df0000, 0x12fd1ec0, 0x13160000)
  to   space 3520K,   0% used [0x13160000, 0x13160000, 0x134d0000)
 tenured generation   total 71080K, used 53292K [0x26750000, 0x2acba000, 0x51200000)
   the space 71080K,  74% used [0x26750000, 0x29b5b2a0, 0x29b5b400, 0x2acba000)
 Metaspace       used 44014K, capacity 45507K, committed 45568K, reserved 46464K
Event: 306.332 GC heap after
Heap after GC invocations=92 (full 4):
 def new generation   total 32128K, used 2571K [0x11200000, 0x134d0000, 0x26750000)
  eden space 28608K,   0% used [0x11200000, 0x11200000, 0x12df0000)
  from space 3520K,  73% used [0x13160000, 0x133e2f20, 0x134d0000)
  to   space 3520K,   0% used [0x12df0000, 0x12df0000, 0x13160000)
 tenured generation   total 71080K, used 54494K [0x26750000, 0x2acba000, 0x51200000)
   the space 71080K,  76% used [0x26750000, 0x29c878e8, 0x29c87a00, 0x2acba000)
 Metaspace       used 44014K, capacity 45507K, committed 45568K, reserved 46464K
}
Event: 321.470 GC heap before
{Heap before GC invocations=92 (full 4):
 def new generation   total 32128K, used 31179K [0x11200000, 0x134d0000, 0x26750000)
  eden space 28608K, 100% used [0x11200000, 0x12df0000, 0x12df0000)
  from space 3520K,  73% used [0x13160000, 0x133e2f20, 0x134d0000)
  to   space 3520K,   0% used [0x12df0000, 0x12df0000, 0x13160000)
 tenured generation   total 71080K, used 54494K [0x26750000, 0x2acba000, 0x51200000)
   the space 71080K,  76% used [0x26750000, 0x29c878e8, 0x29c87a00, 0x2acba000)
 Metaspace       used 44543K, capacity 46069K, committed 46080K, reserved 46464K
Event: 321.498 GC heap after
Heap after GC invocations=93 (full 4):
 def new generation   total 32128K, used 1969K [0x11200000, 0x134d0000, 0x26750000)
  eden space 28608K,   0% used [0x11200000, 0x11200000, 0x12df0000)
  from space 3520K,  55% used [0x12df0000, 0x12fdc598, 0x13160000)
  to   space 3520K,   0% used [0x13160000, 0x13160000, 0x134d0000)
 tenured generation   total 71080K, used 57017K [0x26750000, 0x2acba000, 0x51200000)
   the space 71080K,  80% used [0x26750000, 0x29efe5c8, 0x29efe600, 0x2acba000)
 Metaspace       used 44543K, capacity 46069K, committed 46080K, reserved 46464K
}
Event: 323.823 GC heap before
{Heap before GC invocations=93 (full 4):
 def new generation   total 32128K, used 30577K [0x11200000, 0x134d0000, 0x26750000)
  eden space 28608K, 100% used [0x11200000, 0x12df0000, 0x12df0000)
  from space 3520K,  55% used [0x12df0000, 0x12fdc598, 0x13160000)
  to   space 3520K,   0% used [0x13160000, 0x13160000, 0x134d0000)
 tenured generation   total 71080K, used 57017K [0x26750000, 0x2acba000, 0x51200000)
   the space 71080K,  80% used [0x26750000, 0x29efe5c8, 0x29efe600, 0x2acba000)
 Metaspace       used 44746K, capacity 46237K, committed 46336K, reserved 46464K
Event: 323.869 GC heap after
Heap after GC invocations=94 (full 4):
 def new generation   total 32128K, used 3520K [0x11200000, 0x134d0000, 0x26750000)
  eden space 28608K,   0% used [0x11200000, 0x11200000, 0x12df0000)
  from space 3520K, 100% used [0x13160000, 0x134d0000, 0x134d0000)
  to   space 3520K,   0% used [0x12df0000, 0x12df0000, 0x13160000)
 tenured generation   total 71080K, used 60177K [0x26750000, 0x2acba000, 0x51200000)
   the space 71080K,  84% used [0x26750000, 0x2a214490, 0x2a214600, 0x2acba000)
 Metaspace       used 44746K, capacity 46237K, committed 46336K, reserved 46464K
}

